<?xml version="1.0" encoding="UTF-8"?>
<testsuite name="com.addressbook.test.AddressBookImplementationTests" tests="1" skipped="0" failures="0" errors="0" timestamp="2019-12-06T12:32:21" hostname="FH400" time="0.004">
  <properties/>
  <testcase name="useSaveAs_IfFilenameSuccessfullychanged_returnTrue" classname="com.addressbook.test.AddressBookImplementationTests" time="0.004"/>
  <system-out><![CDATA[]]></system-out>
  <system-err><![CDATA[]]></system-err>
</testsuite>
