<?xml version="1.0" encoding="UTF-8"?>
<testsuite name="com.addressbook.test.AddressBookImplementationTests" tests="1" skipped="0" failures="0" errors="0" timestamp="2019-12-05T09:46:27" hostname="FH400" time="0.121">
  <properties/>
  <testcase name="addPerson_if" classname="com.addressbook.test.AddressBookImplementationTests" time="0.121"/>
  <system-out><![CDATA[zafar,Xfr,8087241183,mmb,Mh,100070

zafar,Xfr,8087241183,mmb,Mh,100070

zafar,Xfr,8087241183,mmb,Mh,100070

zafar
zafar
zafar
]]></system-out>
  <system-err><![CDATA[]]></system-err>
</testsuite>
