<?xml version="1.0" encoding="UTF-8"?>
<testsuite name="com.addressbook.test.AddressBookImplementationTests" tests="1" skipped="0" failures="0" errors="0" timestamp="2019-12-06T04:38:27" hostname="FH400" time="0.084">
  <properties/>
  <testcase name="givenPersonDetails_PrintEntries" classname="com.addressbook.test.AddressBookImplementationTests" time="0.084"/>
  <system-out><![CDATA[Person{firstName=Ikram		, lastName=Ik		, phNo=8527531590		, city=mmb		, state=Mh		, zipCode=504563}
Person{firstName=zafar		, lastName=Xfr		, phNo=11111		, city=nshk		, state=mh		, zipCode=123456}
Person{firstName=jafar		, lastName=aabid		, phNo=11111		, city=pune		, state=mh		, zipCode=789456}
]]></system-out>
  <system-err><![CDATA[]]></system-err>
</testsuite>
